<?xml version="1.0" encoding="UTF-8"?>
<!-- Generated by org.testng.reporters.JUnitReportReporter -->
<testsuite hostname="Priya" failures="0" tests="37" name="runner.RunnerFile" time="45.365" errors="0" timestamp="2023-03-06T21:01:27 EST" skipped="0">
  <testcase classname="runner.RunnerFile" name="runScenario" time="0.413"/>
  <system-out/>
  <testcase classname="runner.RunnerFile" name="runScenario" time="0.425"/>
  <system-out/>
  <testcase classname="runner.RunnerFile" name="runScenario" time="1.315"/>
  <system-out/>
  <testcase classname="runner.RunnerFile" name="runScenario" time="0.421"/>
  <system-out/>
  <testcase classname="runner.RunnerFile" name="runScenario" time="0.198"/>
  <system-out/>
  <testcase classname="runner.RunnerFile" name="runScenario" time="0.513"/>
  <system-out/>
  <testcase classname="runner.RunnerFile" name="runScenario" time="1.339"/>
  <system-out/>
  <testcase classname="runner.RunnerFile" name="runScenario" time="0.214"/>
  <system-out/>
  <testcase classname="runner.RunnerFile" name="runScenario" time="2.800"/>
  <system-out/>
  <testcase classname="runner.RunnerFile" name="runScenario" time="0.425"/>
  <system-out/>
  <testcase classname="runner.RunnerFile" name="runScenario" time="1.412"/>
  <system-out/>
  <testcase classname="runner.RunnerFile" name="runScenario" time="0.191"/>
  <system-out/>
  <testcase classname="runner.RunnerFile" name="runScenario" time="0.430"/>
  <system-out/>
  <testcase classname="runner.RunnerFile" name="runScenario" time="3.169"/>
  <system-out/>
  <testcase classname="runner.RunnerFile" name="runScenario" time="0.414"/>
  <system-out/>
  <testcase classname="runner.RunnerFile" name="runScenario" time="3.228"/>
  <system-out/>
  <testcase classname="runner.RunnerFile" name="runScenario" time="3.440"/>
  <system-out/>
  <testcase classname="runner.RunnerFile" name="runScenario" time="1.310"/>
  <system-out/>
  <testcase classname="runner.RunnerFile" name="runScenario" time="0.873"/>
  <system-out/>
  <testcase classname="runner.RunnerFile" name="runScenario" time="0.223"/>
  <system-out/>
  <testcase classname="runner.RunnerFile" name="runScenario" time="2.207"/>
  <system-out/>
  <testcase classname="runner.RunnerFile" name="runScenario" time="0.682"/>
  <system-out/>
  <testcase classname="runner.RunnerFile" name="runScenario" time="0.267"/>
  <system-out/>
  <testcase classname="runner.RunnerFile" name="runScenario" time="0.203"/>
  <system-out/>
  <testcase classname="runner.RunnerFile" name="runScenario" time="0.196"/>
  <system-out/>
  <testcase classname="runner.RunnerFile" name="runScenario" time="0.277"/>
  <system-out/>
  <testcase classname="runner.RunnerFile" name="runScenario" time="1.463"/>
  <system-out/>
  <testcase classname="runner.RunnerFile" name="runScenario" time="3.951"/>
  <system-out/>
  <testcase classname="runner.RunnerFile" name="runScenario" time="0.221"/>
  <system-out/>
  <testcase classname="runner.RunnerFile" name="runScenario" time="2.886"/>
  <system-out/>
  <testcase classname="runner.RunnerFile" name="runScenario" time="1.441"/>
  <system-out/>
  <testcase classname="runner.RunnerFile" name="runScenario" time="2.687"/>
  <system-out/>
  <testcase classname="runner.RunnerFile" name="runScenario" time="0.354"/>
  <system-out/>
  <testcase classname="runner.RunnerFile" name="runScenario" time="1.282"/>
  <system-out/>
  <testcase classname="runner.RunnerFile" name="runScenario" time="0.540"/>
  <system-out/>
  <testcase classname="runner.RunnerFile" name="runScenario" time="1.272"/>
  <system-out/>
  <testcase classname="runner.RunnerFile" name="runScenario" time="2.683"/>
  <system-out/>
</testsuite> <!-- runner.RunnerFile -->
