<?xml version="1.0" encoding="UTF-8"?>
<!-- Generated by org.testng.reporters.JUnitReportReporter -->
<testsuite hostname="Priya" failures="0" tests="37" name="runner.RunnerFile" time="47.879" errors="0" timestamp="2023-03-03T21:17:21 EST" skipped="0">
  <testcase classname="runner.RunnerFile" name="runScenario" time="0.280"/>
  <system-out/>
  <testcase classname="runner.RunnerFile" name="runScenario" time="0.354"/>
  <system-out/>
  <testcase classname="runner.RunnerFile" name="runScenario" time="1.349"/>
  <system-out/>
  <testcase classname="runner.RunnerFile" name="runScenario" time="1.375"/>
  <system-out/>
  <testcase classname="runner.RunnerFile" name="runScenario" time="2.762"/>
  <system-out/>
  <testcase classname="runner.RunnerFile" name="runScenario" time="0.219"/>
  <system-out/>
  <testcase classname="runner.RunnerFile" name="runScenario" time="0.465"/>
  <system-out/>
  <testcase classname="runner.RunnerFile" name="runScenario" time="0.258"/>
  <system-out/>
  <testcase classname="runner.RunnerFile" name="runScenario" time="2.839"/>
  <system-out/>
  <testcase classname="runner.RunnerFile" name="runScenario" time="0.595"/>
  <system-out/>
  <testcase classname="runner.RunnerFile" name="runScenario" time="0.218"/>
  <system-out/>
  <testcase classname="runner.RunnerFile" name="runScenario" time="0.757"/>
  <system-out/>
  <testcase classname="runner.RunnerFile" name="runScenario" time="0.283"/>
  <system-out/>
  <testcase classname="runner.RunnerFile" name="runScenario" time="1.281"/>
  <system-out/>
  <testcase classname="runner.RunnerFile" name="runScenario" time="0.645"/>
  <system-out/>
  <testcase classname="runner.RunnerFile" name="runScenario" time="0.415"/>
  <system-out/>
  <testcase classname="runner.RunnerFile" name="runScenario" time="3.950"/>
  <system-out/>
  <testcase classname="runner.RunnerFile" name="runScenario" time="2.217"/>
  <system-out/>
  <testcase classname="runner.RunnerFile" name="runScenario" time="0.198"/>
  <system-out/>
  <testcase classname="runner.RunnerFile" name="runScenario" time="3.744"/>
  <system-out/>
  <testcase classname="runner.RunnerFile" name="runScenario" time="2.736"/>
  <system-out/>
  <testcase classname="runner.RunnerFile" name="runScenario" time="4.263"/>
  <system-out/>
  <testcase classname="runner.RunnerFile" name="runScenario" time="0.447"/>
  <system-out/>
  <testcase classname="runner.RunnerFile" name="runScenario" time="1.522"/>
  <system-out/>
  <testcase classname="runner.RunnerFile" name="runScenario" time="1.341"/>
  <system-out/>
  <testcase classname="runner.RunnerFile" name="runScenario" time="0.642"/>
  <system-out/>
  <testcase classname="runner.RunnerFile" name="runScenario" time="0.416"/>
  <system-out/>
  <testcase classname="runner.RunnerFile" name="runScenario" time="0.394"/>
  <system-out/>
  <testcase classname="runner.RunnerFile" name="runScenario" time="0.237"/>
  <system-out/>
  <testcase classname="runner.RunnerFile" name="runScenario" time="1.484"/>
  <system-out/>
  <testcase classname="runner.RunnerFile" name="runScenario" time="1.042"/>
  <system-out/>
  <testcase classname="runner.RunnerFile" name="runScenario" time="0.547"/>
  <system-out/>
  <testcase classname="runner.RunnerFile" name="runScenario" time="2.860"/>
  <system-out/>
  <testcase classname="runner.RunnerFile" name="runScenario" time="1.302"/>
  <system-out/>
  <testcase classname="runner.RunnerFile" name="runScenario" time="0.186"/>
  <system-out/>
  <testcase classname="runner.RunnerFile" name="runScenario" time="2.844"/>
  <system-out/>
  <testcase classname="runner.RunnerFile" name="runScenario" time="1.412"/>
  <system-out/>
</testsuite> <!-- runner.RunnerFile -->
